<?xml version="1.0" encoding="UTF-8"?>
<!-- Generated by org.testng.reporters.JUnitReportReporter -->
<testsuite hostname="LAPTOP-0V7D4U7A" failures="0" tests="1" name="session.Testcase" time="14.284" errors="0" timestamp="26 Jan 2020 14:26:48 GMT" skipped="0">
  <testcase classname="session.Testcase" name="google1" time="14.284"/>
</testsuite> <!-- session.Testcase -->
